0 info it worked if it ends with ok
1 verbose cli [ '/usr/bin/nodejs', '/usr/bin/npm', 'start' ]
2 info using npm@3.5.2
3 info using node@v4.2.6
4 verbose run-script [ 'prestart', 'start', 'poststart' ]
5 info lifecycle podivdashboard@1.0.0~prestart: podivdashboard@1.0.0
6 silly lifecycle podivdashboard@1.0.0~prestart: no script for prestart, continuing
7 info lifecycle podivdashboard@1.0.0~start: podivdashboard@1.0.0
8 verbose lifecycle podivdashboard@1.0.0~start: unsafe-perm in lifecycle true
9 verbose lifecycle podivdashboard@1.0.0~start: PATH: /usr/share/npm/bin/node-gyp-bin:/afs/cs.wisc.edu/u/l/h/lhouge/Documents/pod/dashboard/node_modules/.bin:/s/std/bin:/s/std/bin:/usr/local/sbin:/usr/local/bin:/usr/sbin:/usr/bin:/sbin:/bin:/usr/games:/usr/local/games:/snap/bin:/usr/afsws/bin:/opt/SUNWspro/bin:/usr/ccs/bin:/usr/ucb:/bin:/usr/bin:/usr/X11R6/bin:/s/handin/bin:/p/course/cs354-common/public/bin:/s/lab/bin:/s/req/bin:/s/krb5/sbin:/s/lab/pbin:/s/sushi/bin:/s/what/bin:/usr/afsws/bin:/usr/afsws/etc:/s/docker-compose/bin:/u/l/h/lhouge/bin:/s/php-5.4.1/bin:/u/l/h/lhouge/drupal/drush/:.:/usr/afsws/bin:/opt/SUNWspro/bin:/usr/ccs/bin:/usr/ucb:/bin:/usr/bin:/usr/X11R6/bin:/s/handin/bin:/p/course/cs354-common/public/bin:/s/lab/bin:/s/req/bin:/s/krb5/sbin:/s/lab/pbin:/s/sushi/bin:/s/what/bin:/usr/afsws/bin:/usr/afsws/etc:/s/docker-compose/bin:/u/l/h/lhouge/bin:/s/php-5.4.1/bin:/u/l/h/lhouge/drupal/drush/:.
10 verbose lifecycle podivdashboard@1.0.0~start: CWD: /afs/cs.wisc.edu/u/l/h/lhouge/Documents/pod/dashboard
11 silly lifecycle podivdashboard@1.0.0~start: Args: [ '-c', 'electron .' ]
12 info lifecycle podivdashboard@1.0.0~start: Failed to exec start script
13 verbose stack Error: podivdashboard@1.0.0 start: `electron .`
13 verbose stack spawn ENOENT
13 verbose stack     at ChildProcess.<anonymous> (/usr/share/npm/lib/utils/spawn.js:17:16)
13 verbose stack     at emitTwo (events.js:87:13)
13 verbose stack     at ChildProcess.emit (events.js:172:7)
13 verbose stack     at maybeClose (internal/child_process.js:821:16)
13 verbose stack     at Process.ChildProcess._handle.onexit (internal/child_process.js:211:5)
14 verbose pkgid podivdashboard@1.0.0
15 verbose cwd /afs/cs.wisc.edu/u/l/h/lhouge/Documents/pod/dashboard
16 error Linux 4.4.0-138-generic
17 error argv "/usr/bin/nodejs" "/usr/bin/npm" "start"
18 error node v4.2.6
19 error npm  v3.5.2
20 error file sh
21 error code ELIFECYCLE
22 error errno ENOENT
23 error syscall spawn
24 error podivdashboard@1.0.0 start: `electron .`
24 error spawn ENOENT
25 error Failed at the podivdashboard@1.0.0 start script 'electron .'.
25 error Make sure you have the latest version of node.js and npm installed.
25 error If you do, this is most likely a problem with the podivdashboard package,
25 error not with npm itself.
25 error Tell the author that this fails on your system:
25 error     electron .
25 error You can get information on how to open an issue for this project with:
25 error     npm bugs podivdashboard
25 error Or if that isn't available, you can get their info via:
25 error     npm owner ls podivdashboard
25 error There is likely additional logging output above.
26 verbose exit [ 1, true ]
